\BOOKMARK [0][-]{chapter*.2}{\376\377\000D\000a\000s\000a\000r\000\040\000T\000e\000o\000r\000i}{}% 1
\BOOKMARK [1][-]{section.0.1}{\376\377\000L\000a\000t\000a\000r\000\040\000B\000e\000l\000a\000k\000a\000n\000g\000\040\000d\000a\000n\000\040\000R\000e\000l\000e\000v\000a\000n\000s\000i}{chapter*.2}% 2
\BOOKMARK [1][-]{section.0.2}{\376\377\000T\000u\000j\000u\000a\000n\000\040\000d\000a\000n\000\040\000R\000u\000a\000n\000g\000\040\000L\000i\000n\000g\000k\000u\000p\000\040\000P\000r\000o\000y\000e\000k}{chapter*.2}% 3
\BOOKMARK [0][-]{chapter*.4}{\376\377\000D\000a\000t\000a\000S\000e\000t}{}% 4
\BOOKMARK [1][-]{section.0.3}{\376\377\000D\000e\000s\000k\000r\000i\000p\000s\000i\000\040\000D\000a\000t\000a\000s\000e\000t}{chapter*.4}% 5
\BOOKMARK [2][-]{subsection.0.3.1}{\376\377\000S\000u\000m\000b\000e\000r\000\040\000D\000a\000t\000a}{section.0.3}% 6
\BOOKMARK [2][-]{subsection.0.3.2}{\376\377\000U\000k\000u\000r\000a\000n\000\040\000d\000a\000n\000\040\000K\000u\000a\000l\000i\000t\000a\000s\000\040\000D\000a\000t\000a\000s\000e\000t}{section.0.3}% 7
\BOOKMARK [2][-]{subsection.0.3.3}{\376\377\000F\000i\000t\000u\000r\000-\000f\000i\000t\000u\000r\000\040\000R\000e\000l\000e\000v\000a\000n}{section.0.3}% 8
\BOOKMARK [1][-]{section.0.4}{\376\377\000L\000a\000n\000g\000k\000a\000h\000\040\000P\000r\000e\000p\000r\000o\000c\000e\000s\000s\000i\000n\000g\000\040\000d\000a\000n\000\040\000T\000r\000a\000n\000s\000f\000o\000r\000m\000a\000s\000i\000\040\000D\000a\000t\000a}{chapter*.4}% 9
\BOOKMARK [2][-]{subsection.0.4.1}{\376\377\000E\000k\000s\000p\000l\000o\000r\000a\000s\000i\000\040\000D\000a\000t\000a\000\040\000\050\000E\000D\000A\000\051}{section.0.4}% 10
\BOOKMARK [2][-]{subsection.0.4.2}{\376\377\000R\000e\000k\000a\000y\000a\000s\000a\000\040\000F\000i\000t\000u\000r\000\040\000\050\000F\000e\000a\000t\000u\000r\000e\000\040\000E\000n\000g\000i\000n\000e\000e\000r\000i\000n\000g\000\051}{section.0.4}% 11
\BOOKMARK [2][-]{subsection.0.4.3}{\376\377\000O\000n\000e\000-\000H\000o\000t\000\040\000E\000n\000c\000o\000d\000i\000n\000g}{section.0.4}% 12
\BOOKMARK [0][-]{chapter*.5}{\376\377\000H\000a\000s\000i\000l\000\040\000P\000r\000a\000k\000t\000i\000k\000u\000m}{}% 13
\BOOKMARK [0][-]{chapter*.6}{\376\377\000H\000a\000s\000i\000l}{}% 14
\BOOKMARK [1][-]{section.0.5}{\376\377\000U\000j\000i\000\040\000C\000o\000b\000a\000\040\000d\000e\000n\000g\000a\000n\000\040\000D\000a\000t\000a\000\040\000S\000i\000s\000w\000a}{chapter*.6}% 15
\BOOKMARK [1][-]{section.0.6}{\376\377\000E\000v\000a\000l\000u\000a\000s\000i\000\040\000M\000o\000d\000e\000l}{chapter*.6}% 16
\BOOKMARK [1][-]{section.0.7}{\376\377\000V\000i\000s\000u\000a\000l\000i\000s\000a\000s\000i\000\040\000S\000c\000a\000t\000t\000e\000r\000\040\000P\000l\000o\000t}{chapter*.6}% 17
\BOOKMARK [0][-]{chapter*.7}{\376\377\000D\000i\000s\000k\000u\000s\000i}{}% 18
\BOOKMARK [0][-]{chapter*.8}{\376\377\000K\000e\000s\000i\000m\000p\000u\000l\000a\000n}{}% 19
\BOOKMARK [0][-]{chapter*.9}{\376\377\000D\000a\000f\000t\000a\000r\000\040\000P\000u\000s\000t\000a\000k\000a}{}% 20
